0 info it worked if it ends with ok
1 verbose cli [
1 verbose cli   '/usr/local/bin/node',
1 verbose cli   '/Users/x156270/Desktop/prudential-email-system/node_modules/.bin/npm',
1 verbose cli   'start'
1 verbose cli ]
2 info using npm@2.15.12
3 info using node@v14.16.1
4 verbose stack Error: missing script: start
4 verbose stack     at run (/Users/x156270/Desktop/prudential-email-system/node_modules/npm/lib/run-script.js:142:19)
4 verbose stack     at /Users/x156270/Desktop/prudential-email-system/node_modules/npm/lib/run-script.js:58:5
4 verbose stack     at /Users/x156270/Desktop/prudential-email-system/node_modules/npm/node_modules/read-package-json/read-json.js:356:5
4 verbose stack     at checkBinReferences_ (/Users/x156270/Desktop/prudential-email-system/node_modules/npm/node_modules/read-package-json/read-json.js:320:45)
4 verbose stack     at final (/Users/x156270/Desktop/prudential-email-system/node_modules/npm/node_modules/read-package-json/read-json.js:354:3)
4 verbose stack     at then (/Users/x156270/Desktop/prudential-email-system/node_modules/npm/node_modules/read-package-json/read-json.js:124:5)
4 verbose stack     at /Users/x156270/Desktop/prudential-email-system/node_modules/npm/node_modules/read-package-json/read-json.js:311:12
4 verbose stack     at /Users/x156270/Desktop/prudential-email-system/node_modules/npm/node_modules/graceful-fs/graceful-fs.js:78:16
4 verbose stack     at FSReqCallback.readFileAfterClose [as oncomplete] (internal/fs/read_file_context.js:63:3)
5 verbose cwd /Users/x156270/Desktop/prudential-email-system
6 error Darwin 19.6.0
7 error argv "/usr/local/bin/node" "/Users/x156270/Desktop/prudential-email-system/node_modules/.bin/npm" "start"
8 error node v14.16.1
9 error npm  v2.15.12
10 error missing script: start
11 error If you need help, you may report this error at:
11 error     <https://github.com/npm/npm/issues>
12 verbose exit [ 1, true ]
